#
# There is insufficient memory for the Java Runtime Environment to continue.
# Native memory allocation (malloc) failed to allocate 131088 bytes for Chunk::new
# Possible reasons:
#   The system is out of physical RAM or swap space
#   In 32 bit mode, the process size limit was hit
# Possible solutions:
#   Reduce memory load on the system
#   Increase physical memory or swap space
#   Check if swap backing store is full
#   Use 64 bit Java on a 64 bit OS
#   Decrease Java heap size (-Xmx/-Xms)
#   Decrease number of Java threads
#   Decrease Java thread stack sizes (-Xss)
#   Set larger code cache with -XX:ReservedCodeCacheSize=
# This output file may be truncated or incomplete.
#
#  Out of Memory Error (allocation.cpp:390), pid=9760, tid=9972
#
# JRE version: Java(TM) SE Runtime Environment (8.0_91-b15) (build 1.8.0_91-b15)
# Java VM: Java HotSpot(TM) 64-Bit Server VM (25.91-b15 mixed mode windows-amd64 compressed oops)
# Failed to write core dump. Minidumps are not enabled by default on client versions of Windows
#

---------------  T H R E A D  ---------------

Current thread (0x000000001517d800):  JavaThread "C2 CompilerThread1" daemon [_thread_in_native, id=9972, stack(0x0000000016b90000,0x0000000016c90000)]

Stack: [0x0000000016b90000,0x0000000016c90000]
[error occurred during error reporting (printing stack bounds), id 0xc0000005]

Native frames: (J=compiled Java code, j=interpreted, Vv=VM code, C=native code)


Current CompileTask:
C2:  77682 3662       4       java.util.ComparableTimSort::sort (219 bytes)


---------------  P R O C E S S  ---------------

Java Threads: ( => current thread )
  0x0000000017a4b800 JavaThread "pool-1-thread-1" [_thread_in_Java, id=9604, stack(0x000000001b4f0000,0x000000001b5f0000)]
  0x0000000016d0b000 JavaThread "Service Thread" daemon [_thread_blocked, id=4736, stack(0x0000000017130000,0x0000000017230000)]
  0x000000001517f000 JavaThread "C1 CompilerThread2" daemon [_thread_blocked, id=9976, stack(0x0000000017230000,0x0000000017330000)]
=>0x000000001517d800 JavaThread "C2 CompilerThread1" daemon [_thread_in_native, id=9972, stack(0x0000000016b90000,0x0000000016c90000)]
  0x0000000015179800 JavaThread "C2 CompilerThread0" daemon [_thread_in_native, id=8660, stack(0x00000000169a0000,0x0000000016aa0000)]
  0x0000000015171800 JavaThread "Attach Listener" daemon [_thread_blocked, id=9196, stack(0x00000000167a0000,0x00000000168a0000)]
  0x0000000015170000 JavaThread "Signal Dispatcher" daemon [_thread_blocked, id=3528, stack(0x00000000165a0000,0x00000000166a0000)]
  0x0000000015159800 JavaThread "Finalizer" daemon [_thread_blocked, id=8620, stack(0x0000000016260000,0x0000000016360000)]
  0x0000000015112000 JavaThread "Reference Handler" daemon [_thread_blocked, id=1112, stack(0x00000000163e0000,0x00000000164e0000)]
  0x000000000226e000 JavaThread "main" [_thread_blocked, id=9804, stack(0x0000000002550000,0x0000000002650000)]

Other Threads:
  0x000000001510a800 VMThread [stack: 0x0000000016150000,0x0000000016250000] [id=8068]
  0x0000000016d1d000 WatcherThread [stack: 0x0000000017420000,0x0000000017520000] [id=240]

VM state:not at safepoint (normal execution)

VM Mutex/Monitor currently owned by a thread: None

Heap:
 PSYoungGen      total 267264K, used 17741K [0x00000000eab00000, 0x0000000100000000, 0x0000000100000000)
  eden space 208896K, 5% used [0x00000000eab00000,0x00000000eb5850a0,0x00000000f7700000)
  from space 58368K, 11% used [0x00000000fc700000,0x00000000fcdce4d0,0x0000000100000000)
  to   space 70144K, 0% used [0x00000000f7700000,0x00000000f7700000,0x00000000fbb80000)
 ParOldGen       total 357376K, used 237505K [0x00000000c0000000, 0x00000000d5d00000, 0x00000000eab00000)
  object space 357376K, 66% used [0x00000000c0000000,0x00000000ce7f07a8,0x00000000d5d00000)
 Metaspace       used 6945K, capacity 7608K, committed 7936K, reserved 1056768K
  class space    used 646K, capacity 688K, committed 768K, reserved 1048576K

Card table byte_map: [0x0000000011ce0000,0x0000000011ef0000] byte_map_base: 0x00000000116e0000

Marking Bits: (ParMarkBitMap*) 0x0000000051752f70
 Begin Bits: [0x0000000012580000, 0x0000000013580000)
 End Bits:   [0x0000000013580000, 0x0000000014580000)

Polling page: 0x0000000000130000

CodeCache: size=245760Kb used=11616Kb max_used=13846Kb free=234143Kb
 bounds [0x0000000002920000, 0x00000000036e0000, 0x0000000011920000]
 total_blobs=2908 nmethods=2638 adapters=182
 compilation: enabled

Compilation events (10 events):
Event: 77.253 Thread 0x000000001517f000 3658       3       com.android.dx.dex.code.CatchHandlerList::get (9 bytes)
Event: 77.254 Thread 0x000000001517f000 nmethod 3658 0x000000000338f950 code [0x000000000338fac0, 0x000000000338fda8]
Event: 77.257 Thread 0x000000001517f000 3659       3       com.android.dx.dex.code.InsnFormat::isRegListSequential (67 bytes)
Event: 77.258 Thread 0x000000001517f000 nmethod 3659 0x0000000003391e50 code [0x0000000003392040, 0x0000000003392c18]
Event: 77.267 Thread 0x000000001517f000 3661       1       com.android.dx.dex.code.CatchHandlerList$Entry::getExceptionType (5 bytes)
Event: 77.267 Thread 0x000000001517f000 nmethod 3661 0x0000000002b9f7d0 code [0x0000000002b9f920, 0x0000000002b9fa30]
Event: 77.328 Thread 0x000000001517d800 nmethod 3656 0x0000000003482190 code [0x0000000003482400, 0x00000000034846a8]
Event: 77.328 Thread 0x000000001517d800 3662       4       java.util.ComparableTimSort::sort (219 bytes)
Event: 77.343 Thread 0x000000001517f000 3663       3       com.android.dx.dex.code.SwitchData::packedCodeSize (56 bytes)
Event: 77.344 Thread 0x000000001517f000 nmethod 3663 0x0000000003033390 code [0x0000000003033500, 0x00000000030338f8]

GC Heap History (10 events):
Event: 50.877 GC heap before
{Heap before GC invocations=16 (full 2):
 PSYoungGen      total 263680K, used 263659K [0x00000000eab00000, 0x0000000100000000, 0x0000000100000000)
  eden space 224768K, 100% used [0x00000000eab00000,0x00000000f8680000,0x00000000f8680000)
  from space 38912K, 99% used [0x00000000f8680000,0x00000000fac7af98,0x00000000fac80000)
  to   space 54784K, 0% used [0x00000000fca80000,0x00000000fca80000,0x0000000100000000)
 ParOldGen       total 138240K, used 111319K [0x00000000c0000000, 0x00000000c8700000, 0x00000000eab00000)
  object space 138240K, 80% used [0x00000000c0000000,0x00000000c6cb5f98,0x00000000c8700000)
 Metaspace       used 6595K, capacity 7256K, committed 7424K, reserved 1056768K
  class space    used 627K, capacity 656K, committed 768K, reserved 1048576K
Event: 52.308 GC heap after
Heap after GC invocations=16 (full 2):
 PSYoungGen      total 287232K, used 38266K [0x00000000eab00000, 0x0000000100000000, 0x0000000100000000)
  eden space 232448K, 0% used [0x00000000eab00000,0x00000000eab00000,0x00000000f8e00000)
  from space 54784K, 69% used [0x00000000fca80000,0x00000000fefdeae8,0x0000000100000000)
  to   space 58368K, 0% used [0x00000000f8e00000,0x00000000f8e00000,0x00000000fc700000)
 ParOldGen       total 150528K, used 150406K [0x00000000c0000000, 0x00000000c9300000, 0x00000000eab00000)
  object space 150528K, 99% used [0x00000000c0000000,0x00000000c92e1870,0x00000000c9300000)
 Metaspace       used 6595K, capacity 7256K, committed 7424K, reserved 1056768K
  class space    used 627K, capacity 656K, committed 768K, reserved 1048576K
}
Event: 52.343 GC heap before
{Heap before GC invocations=17 (full 3):
 PSYoungGen      total 287232K, used 38266K [0x00000000eab00000, 0x0000000100000000, 0x0000000100000000)
  eden space 232448K, 0% used [0x00000000eab00000,0x00000000eab00000,0x00000000f8e00000)
  from space 54784K, 69% used [0x00000000fca80000,0x00000000fefdeae8,0x0000000100000000)
  to   space 58368K, 0% used [0x00000000f8e00000,0x00000000f8e00000,0x00000000fc700000)
 ParOldGen       total 150528K, used 150406K [0x00000000c0000000, 0x00000000c9300000, 0x00000000eab00000)
  object space 150528K, 99% used [0x00000000c0000000,0x00000000c92e1870,0x00000000c9300000)
 Metaspace       used 6595K, capacity 7256K, committed 7424K, reserved 1056768K
  class space    used 627K, capacity 656K, committed 768K, reserved 1048576K
Event: 59.946 GC heap after
Heap after GC invocations=17 (full 3):
 PSYoungGen      total 287232K, used 36375K [0x00000000eab00000, 0x0000000100000000, 0x0000000100000000)
  eden space 232448K, 0% used [0x00000000eab00000,0x00000000eab00000,0x00000000f8e00000)
  from space 54784K, 66% used [0x00000000fca80000,0x00000000fee05ed0,0x0000000100000000)
  to   space 58368K, 0% used [0x00000000f8e00000,0x00000000f8e00000,0x00000000fc700000)
 ParOldGen       total 237568K, used 150071K [0x00000000c0000000, 0x00000000ce800000, 0x00000000eab00000)
  object space 237568K, 63% used [0x00000000c0000000,0x00000000c928dd20,0x00000000ce800000)
 Metaspace       used 6595K, capacity 7256K, committed 7424K, reserved 1056768K
  class space    used 627K, capacity 656K, committed 768K, reserved 1048576K
}
Event: 63.592 GC heap before
{Heap before GC invocations=18 (full 3):
 PSYoungGen      total 287232K, used 268823K [0x00000000eab00000, 0x0000000100000000, 0x0000000100000000)
  eden space 232448K, 100% used [0x00000000eab00000,0x00000000f8e00000,0x00000000f8e00000)
  from space 54784K, 66% used [0x00000000fca80000,0x00000000fee05ed0,0x0000000100000000)
  to   space 58368K, 0% used [0x00000000f8e00000,0x00000000f8e00000,0x00000000fc700000)
 ParOldGen       total 237568K, used 150071K [0x00000000c0000000, 0x00000000ce800000, 0x00000000eab00000)
  object space 237568K, 63% used [0x00000000c0000000,0x00000000c928dd20,0x00000000ce800000)
 Metaspace       used 6603K, capacity 7320K, committed 7680K, reserved 1056768K
  class space    used 627K, capacity 656K, committed 768K, reserved 1048576K
Event: 64.073 GC heap after
Heap after GC invocations=18 (full 3):
 PSYoungGen      total 290816K, used 58354K [0x00000000eab00000, 0x0000000100000000, 0x0000000100000000)
  eden space 232448K, 0% used [0x00000000eab00000,0x00000000eab00000,0x00000000f8e00000)
  from space 58368K, 99% used [0x00000000f8e00000,0x00000000fc6fc9d0,0x00000000fc700000)
  to   space 58368K, 0% used [0x00000000fc700000,0x00000000fc700000,0x0000000100000000)
 ParOldGen       total 237568K, used 160517K [0x00000000c0000000, 0x00000000ce800000, 0x00000000eab00000)
  object space 237568K, 67% used [0x00000000c0000000,0x00000000c9cc1598,0x00000000ce800000)
 Metaspace       used 6603K, capacity 7320K, committed 7680K, reserved 1056768K
  class space    used 627K, capacity 656K, committed 768K, reserved 1048576K
}
Event: 66.861 GC heap before
{Heap before GC invocations=19 (full 3):
 PSYoungGen      total 290816K, used 290802K [0x00000000eab00000, 0x0000000100000000, 0x0000000100000000)
  eden space 232448K, 100% used [0x00000000eab00000,0x00000000f8e00000,0x00000000f8e00000)
  from space 58368K, 99% used [0x00000000f8e00000,0x00000000fc6fc9d0,0x00000000fc700000)
  to   space 58368K, 0% used [0x00000000fc700000,0x00000000fc700000,0x0000000100000000)
 ParOldGen       total 237568K, used 160517K [0x00000000c0000000, 0x00000000ce800000, 0x00000000eab00000)
  object space 237568K, 67% used [0x00000000c0000000,0x00000000c9cc1598,0x00000000ce800000)
 Metaspace       used 6733K, capacity 7384K, committed 7680K, reserved 1056768K
  class space    used 634K, capacity 656K, committed 768K, reserved 1048576K
Event: 68.190 GC heap after
Heap after GC invocations=19 (full 3):
 PSYoungGen      total 267264K, used 32201K [0x00000000eab00000, 0x0000000100000000, 0x0000000100000000)
  eden space 208896K, 0% used [0x00000000eab00000,0x00000000eab00000,0x00000000f7700000)
  from space 58368K, 55% used [0x00000000fc700000,0x00000000fe672608,0x0000000100000000)
  to   space 70144K, 0% used [0x00000000f7700000,0x00000000f7700000,0x00000000fbb80000)
 ParOldGen       total 237568K, used 217768K [0x00000000c0000000, 0x00000000ce800000, 0x00000000eab00000)
  object space 237568K, 91% used [0x00000000c0000000,0x00000000cd4aa0e8,0x00000000ce800000)
 Metaspace       used 6733K, capacity 7384K, committed 7680K, reserved 1056768K
  class space    used 634K, capacity 656K, committed 768K, reserved 1048576K
}
Event: 68.191 GC heap before
{Heap before GC invocations=20 (full 4):
 PSYoungGen      total 267264K, used 32201K [0x00000000eab00000, 0x0000000100000000, 0x0000000100000000)
  eden space 208896K, 0% used [0x00000000eab00000,0x00000000eab00000,0x00000000f7700000)
  from space 58368K, 55% used [0x00000000fc700000,0x00000000fe672608,0x0000000100000000)
  to   space 70144K, 0% used [0x00000000f7700000,0x00000000f7700000,0x00000000fbb80000)
 ParOldGen       total 237568K, used 217768K [0x00000000c0000000, 0x00000000ce800000, 0x00000000eab00000)
  object space 237568K, 91% used [0x00000000c0000000,0x00000000cd4aa0e8,0x00000000ce800000)
 Metaspace       used 6733K, capacity 7384K, committed 7680K, reserved 1056768K
  class space    used 634K, capacity 656K, committed 768K, reserved 1048576K
Event: 74.444 GC heap after
Heap after GC invocations=20 (full 4):
 PSYoungGen      total 267264K, used 6969K [0x00000000eab00000, 0x0000000100000000, 0x0000000100000000)
  eden space 208896K, 0% used [0x00000000eab00000,0x00000000eab00000,0x00000000f7700000)
  from space 58368K, 11% used [0x00000000fc700000,0x00000000fcdce4d0,0x0000000100000000)
  to   space 70144K, 0% used [0x00000000f7700000,0x00000000f7700000,0x00000000fbb80000)
 ParOldGen       total 357376K, used 237505K [0x00000000c0000000, 0x00000000d5d00000, 0x00000000eab00000)
  object space 357376K, 66% used [0x00000000c0000000,0x00000000ce7f07a8,0x00000000d5d00000)
 Metaspace       used 6733K, capacity 7384K, committed 7680K, reserved 1056768K
  class space    used 634K, capacity 656K, committed 768K, reserved 1048576K
}

Deoptimization events (10 events):
Event: 75.258 Thread 0x0000000017a4b800 Uncommon trap: reason=speculate_class_check action=maybe_recompile pc=0x0000000002c18894 method=com.android.dx.util.FixedSizeList.equals(Ljava/lang/Object;)Z @ 25
Event: 75.258 Thread 0x0000000017a4b800 Uncommon trap: reason=class_check action=maybe_recompile pc=0x0000000002c17c44 method=java.util.Arrays.equals([Ljava/lang/Object;[Ljava/lang/Object;)Z @ 62
Event: 75.259 Thread 0x0000000017a4b800 Uncommon trap: reason=unstable_if action=reinterpret pc=0x000000000317524c method=java.util.TreeMap.put(Ljava/lang/Object;Ljava/lang/Object;)Ljava/lang/Object; @ 163
Event: 75.313 Thread 0x0000000017a4b800 Uncommon trap: reason=unstable_if action=reinterpret pc=0x0000000002b68ab4 method=com.android.dx.rop.code.RegisterSpec.matchesVariable(Lcom/android/dx/rop/code/RegisterSpec;)Z @ 59
Event: 76.597 Thread 0x0000000017a4b800 Uncommon trap: reason=predicate action=maybe_recompile pc=0x00000000032f324c method=java.util.ComparableTimSort.binarySort([Ljava/lang/Object;III)V @ 37
Event: 76.814 Thread 0x0000000017a4b800 Uncommon trap: reason=array_check action=maybe_recompile pc=0x0000000002f501c4 method=java.util.ComparableTimSort.binarySort([Ljava/lang/Object;III)V @ 183
Event: 77.142 Thread 0x0000000017a4b800 Uncommon trap: reason=array_check action=maybe_recompile pc=0x0000000002f500f4 method=java.util.ComparableTimSort.binarySort([Ljava/lang/Object;III)V @ 193
Event: 77.185 Thread 0x0000000017a4b800 Uncommon trap: reason=unstable_if action=reinterpret pc=0x000000000307d1c4 method=com.android.dx.dex.code.OutputFinisher.align64bits([Lcom/android/dx/dex/code/Dop;)V @ 205
Event: 77.225 Thread 0x0000000017a4b800 Uncommon trap: reason=array_check action=maybe_recompile pc=0x0000000002f500f4 method=java.util.ComparableTimSort.binarySort([Ljava/lang/Object;III)V @ 193
Event: 77.251 Thread 0x0000000017a4b800 Uncommon trap: reason=array_check action=maybe_recompile pc=0x0000000002f500f4 method=java.util.ComparableTimSort.binarySort([Ljava/lang/Object;III)V @ 193

Internal exceptions (7 events):
Event: 0.134 Thread 0x000000000226e000 Exception <a 'java/lang/NoSuchMethodError': Method sun.misc.Unsafe.defineClass(Ljava/lang/String;[BII)Ljava/lang/Class; name or signature does not match> (0x00000000eab07cc0) thrown at [C:\re\workspace\8-2-build-windows-amd64-cygwin\jdk8u91\7017\hotspot\sr‰¾“q\(Á?
Event: 0.134 Thread 0x000000000226e000 Exception <a 'java/lang/NoSuchMethodError': Method sun.misc.Unsafe.prefetchRead(Ljava/lang/Object;J)V name or signature does not match> (0x00000000eab07fa8) thrown at [C:\re\workspace\8-2-build-windows-amd64-cygwin\jdk8u91\7017\hotspot\src\share\vm\prims\jêLâ¾ü@
Event: 5.996 Thread 0x0000000017780800 Exception <a 'java/lang/ArrayIndexOutOfBoundsException': 18> (0x00000000eab24aa0) thrown at [C:\re\workspace\8-2-build-windows-amd64-cygwin\jdk8u91\7017\hotspot\src\share\vm\interpreter\interpreterRuntime.cpp, line 366]
Event: 5.997 Thread 0x0000000017780800 Exception <a 'java/lang/ArrayIndexOutOfBoundsException': 145> (0x00000000eab26620) thrown at [C:\re\workspace\8-2-build-windows-amd64-cygwin\jdk8u91\7017\hotspot\src\share\vm\interpreter\interpreterRuntime.cpp, line 366]
Event: 6.000 Thread 0x0000000017780800 Exception <a 'java/lang/ArrayIndexOutOfBoundsException'> (0x00000000eab27908) thrown at [C:\re\workspace\8-2-build-windows-amd64-cygwin\jdk8u91\7017\hotspot\src\share\vm\runtime\sharedRuntime.cpp, line 605]
Event: 23.648 Thread 0x0000000017780800 Implicit null exception at 0x0000000002fd1396 to 0x0000000002fd2c3d
Event: 64.958 Thread 0x0000000017a4b800 Implicit null exception at 0x0000000002c4c859 to 0x0000000002c4d139

Events (10 events):
Event: 77.253 Thread 0x0000000017a4b800 DEOPT PACKING pc=0x00000000033fa3d1 sp=0x000000001b5ee940
Event: 77.253 Thread 0x0000000017a4b800 DEOPT UNPACKING pc=0x000000000296787f sp=0x000000001b5ee690 mode 0
Event: 77.289 Thread 0x0000000017a4b800 DEOPT PACKING pc=0x00000000033b236b sp=0x000000001b5ee8a0
Event: 77.289 Thread 0x0000000017a4b800 DEOPT UNPACKING pc=0x000000000296787f sp=0x000000001b5ee5f0 mode 0
Event: 77.293 Thread 0x0000000017a4b800 DEOPT PACKING pc=0x00000000033fa3d1 sp=0x000000001b5ee940
Event: 77.293 Thread 0x0000000017a4b800 DEOPT UNPACKING pc=0x000000000296787f sp=0x000000001b5ee690 mode 0
Event: 77.305 Thread 0x0000000017a4b800 DEOPT PACKING pc=0x00000000033b236b sp=0x000000001b5ee8a0
Event: 77.305 Thread 0x0000000017a4b800 DEOPT UNPACKING pc=0x000000000296787f sp=0x000000001b5ee5f0 mode 0
Event: 77.343 Thread 0x0000000017a4b800 DEOPT PACKING pc=0x00000000033fa3d1 sp=0x000000001b5ee940
Event: 77.343 Thread 0x0000000017a4b800 DEOPT UNPACKING pc=0x000000000296787f sp=0x000000001b5ee690 mode 0


Dynamic libraries:
0x000000013fd90000 - 0x000000013fdc7000 	C:\Program Files\Java\jdk1.8.0_91\bin\java.exe
0x0000000076dd0000 - 0x0000000076f7a000 	C:\Windows\SYSTEM32\ntdll.dll
0x0000000076bb0000 - 0x0000000076ccf000 	C:\Windows\system32\kernel32.dll
0x000007fefcbd0000 - 0x000007fefcc3a000 	C:\Windows\system32\KERNELBASE.dll
0x000007fefe980000 - 0x000007fefea5b000 	C:\Windows\system32\ADVAPI32.dll
0x000007fefcf40000 - 0x000007fefcfdf000 	C:\Windows\system32\msvcrt.dll
0x000007fefe960000 - 0x000007fefe97f000 	C:\Windows\SYSTEM32\sechost.dll
0x000007fefe7a0000 - 0x000007fefe8cd000 	C:\Windows\system32\RPCRT4.dll
0x0000000076cd0000 - 0x0000000076dca000 	C:\Windows\system32\USER32.dll
0x000007fefd5d0000 - 0x000007fefd637000 	C:\Windows\system32\GDI32.dll
0x000007fefe790000 - 0x000007fefe79e000 	C:\Windows\system32\LPK.dll
0x000007fefee50000 - 0x000007fefef1a000 	C:\Windows\system32\USP10.dll
0x000007fefa270000 - 0x000007fefa464000 	C:\Windows\WinSxS\amd64_microsoft.windows.common-controls_6595b64144ccf1df_6.0.7601.18837_none_fa3b1e3d17594757\COMCTL32.dll
0x000007fefe8e0000 - 0x000007fefe951000 	C:\Windows\system32\SHLWAPI.dll
0x000007feff0b0000 - 0x000007feff0de000 	C:\Windows\system32\IMM32.DLL
0x000007fefea60000 - 0x000007fefeb69000 	C:\Windows\system32\MSCTF.dll
0x0000000060350000 - 0x0000000060422000 	C:\Program Files\Java\jdk1.8.0_91\jre\bin\msvcr100.dll
0x0000000050f40000 - 0x00000000517d3000 	C:\Program Files\Java\jdk1.8.0_91\jre\bin\server\jvm.dll
0x000007fef4330000 - 0x000007fef4339000 	C:\Windows\system32\WSOCK32.dll
0x000007fefe600000 - 0x000007fefe64d000 	C:\Windows\system32\WS2_32.dll
0x000007fefe8d0000 - 0x000007fefe8d8000 	C:\Windows\system32\NSI.dll
0x000007fef9de0000 - 0x000007fef9e1b000 	C:\Windows\system32\WINMM.dll
0x000007fefbb90000 - 0x000007fefbb9c000 	C:\Windows\system32\VERSION.dll
0x0000000076f90000 - 0x0000000076f97000 	C:\Windows\system32\PSAPI.DLL
0x000000006b9f0000 - 0x000000006b9ff000 	C:\Program Files\Java\jdk1.8.0_91\jre\bin\verify.dll
0x000000005f400000 - 0x000000005f429000 	C:\Program Files\Java\jdk1.8.0_91\jre\bin\java.dll
0x000000005fb80000 - 0x000000005fb96000 	C:\Program Files\Java\jdk1.8.0_91\jre\bin\zip.dll
0x000007fefd850000 - 0x000007fefe5da000 	C:\Windows\system32\SHELL32.dll
0x000007fefd640000 - 0x000007fefd843000 	C:\Windows\system32\ole32.dll
0x000007fefcb00000 - 0x000007fefcb0f000 	C:\Windows\system32\profapi.dll

VM Arguments:
jvm_args: -Djava.awt.headless=true -Xmx1024M -Dfile.encoding=windows-1252 -Duser.country=US -Duser.language=en -Duser.variant 
java_command: com.android.dx.command.Main --dex --num-threads=4 --multi-dex --main-dex-list C:\Users\S525812\AndroidStudioProjects\Devyani\app\build\intermediates\multi-dex\debug\maindexlist.txt --output C:\Users\S525812\AndroidStudioProjects\Devyani\app\build\intermediates\transforms\dex\debug\folders\1000\1f\main C:\Users\S525812\AndroidStudioProjects\Devyani\app\build\intermediates\transforms\jarMerging\debug\jars\1\1f\combined.jar
java_class_path (initial): C:\Users\S525812\AppData\Local\Android\sdk\build-tools\24.0.1\lib\dx.jar
Launcher Type: SUN_STANDARD

Environment Variables:
JAVA_HOME=C:\Program Files\Java\jdk1.8.0_91
PATH=C:\app\S525812\product\12.1.0\dbhome_1\bin;C:\ProgramData\Oracle\Java\javapath;C:\Program Files\Common Files\Microsoft Shared\Windows Live;C:\Program Files (x86)\Common Files\Microsoft Shared\Windows Live;C:\Windows\system32;C:\Windows;C:\Windows\System32\Wbem;C:\Windows\System32\WindowsPowerShell\v1.0\;C:\Program Files (x86)\Windows Live\Shared;C:\Program Files\Intel\WiFi\bin\;C:\Program Files\Common Files\Intel\WirelessCommon\;C:\Program Files (x86)\QuickTime\QTSystem\;C:\Program Files (x86)\Skype\Phone\;C:\Program Files\Intel\WiFi\bin\;C:\Program Files\Common Files\Intel\WirelessCommon\
USERNAME=S525812
OS=Windows_NT
PROCESSOR_IDENTIFIER=Intel64 Family 6 Model 69 Stepping 1, GenuineIntel



---------------  S Y S T E M  ---------------

OS: Windows 7 , 64 bit Build 7601 (6.1.7601.23572)

CPU:total 4 (2 cores per cpu, 2 threads per core) family 6 model 69 stepping 1, cmov, cx8, fxsr, mmx, sse, sse2, sse3, ssse3, sse4.1, sse4.2, popcnt, avx, avx2, aes, clmul, erms, lzcnt, ht, tsc, tscinvbit, bmi1, bmi2

Memory: 4k page, physical 4088944k(12632k free), swap 10800800k(5040k free)

vm_info: Java HotSpot(TM) 64-Bit Server VM (25.91-b15) for windows-amd64 JRE (1.8.0_91-b15), built on May 20 2016 17:43:15 by "java_re" with MS VC++ 10.0 (VS2010)

time: Thu Dec 08 23:45:13 2016
elapsed time: 77 seconds (0d 0h 1m 17s)

